{
  "RSpec": {
    "coverage": {
      "/home/vagrant/santhosh/github/sephora/beauty_store_api/spec/controllers/services/api/auth_controller_spec.rb": [
        1,
        1,
        null,
        1,
        null,
        1,
        null,
        1,
        1,
        null,
        null,
        null,
        null,
        null,
        null,
        null,
        null,
        null,
        null,
        null,
        null,
        1,
        null,
        1,
        1,
        1,
        null,
        null,
        1,
        1,
        1,
        null,
        1,
        null,
        1,
        1,
        1,
        1,
        1,
        null,
        null,
        null,
        null
      ],
      "/home/vagrant/santhosh/github/sephora/beauty_store_api/spec/rails_helper.rb": [
        null,
        1,
        1,
        1,
        null,
        1,
        1,
        1,
        null,
        null,
        null,
        null,
        null,
        null,
        null,
        null,
        null,
        null,
        null,
        null,
        null,
        null,
        null,
        null,
        null,
        null,
        null,
        1,
        null,
        1,
        null,
        1,
        null,
        null,
        null,
        null,
        1,
        null,
        null,
        null,
        null,
        null,
        null,
        null,
        null,
        null,
        null,
        null,
        null,
        null,
        null,
        1,
        null,
        null,
        1,
        null,
        null,
        null,
        null,
        null,
        1,
        1,
        1,
        1,
        null,
        null
      ],
      "/home/vagrant/santhosh/github/sephora/beauty_store_api/config/environment.rb": [
        null,
        1,
        null,
        null,
        1
      ],
      "/home/vagrant/santhosh/github/sephora/beauty_store_api/config/application.rb": [
        1,
        null,
        1,
        null,
        1,
        1,
        1,
        1,
        1,
        1,
        1,
        null,
        null,
        null,
        null,
        null,
        1,
        null,
        1,
        1,
        null,
        1,
        null,
        null,
        null,
        null,
        null,
        null,
        null,
        null,
        1,
        null,
        null
      ],
      "/home/vagrant/santhosh/github/sephora/beauty_store_api/config/boot.rb": [
        1,
        null,
        1
      ],
      "/home/vagrant/santhosh/github/sephora/beauty_store_api/config/environments/test.rb": [
        1,
        null,
        null,
        null,
        null,
        null,
        null,
        1,
        null,
        null,
        null,
        null,
        1,
        null,
        null,
        1,
        1,
        null,
        null,
        null,
        null,
        1,
        1,
        null,
        null,
        1,
        null,
        null,
        1,
        1,
        null,
        null,
        null,
        null,
        1,
        null,
        null,
        1,
        null,
        null,
        null,
        null
      ],
      "/home/vagrant/santhosh/github/sephora/beauty_store_api/config/initializers/application_controller_renderer.rb": [
        null,
        null,
        null,
        null,
        null,
        null,
        null,
        null
      ],
      "/home/vagrant/santhosh/github/sephora/beauty_store_api/config/initializers/backtrace_silencers.rb": [
        null,
        null,
        null,
        null,
        null,
        null,
        null
      ],
      "/home/vagrant/santhosh/github/sephora/beauty_store_api/config/initializers/cors.rb": [
        null,
        null,
        null,
        null,
        null,
        null,
        null,
        null,
        null,
        null,
        null,
        null,
        null,
        null,
        null,
        null
      ],
      "/home/vagrant/santhosh/github/sephora/beauty_store_api/config/initializers/filter_parameter_logging.rb": [
        null,
        null,
        null,
        1
      ],
      "/home/vagrant/santhosh/github/sephora/beauty_store_api/config/initializers/inflections.rb": [
        null,
        null,
        null,
        null,
        null,
        null,
        null,
        null,
        null,
        null,
        null,
        null,
        null,
        null,
        null,
        null
      ],
      "/home/vagrant/santhosh/github/sephora/beauty_store_api/config/initializers/mime_types.rb": [
        null,
        null,
        null,
        null
      ],
      "/home/vagrant/santhosh/github/sephora/beauty_store_api/config/initializers/wrap_parameters.rb": [
        null,
        null,
        null,
        null,
        null,
        null,
        1,
        2,
        null,
        null,
        null,
        null,
        null,
        null
      ],
      "/home/vagrant/santhosh/github/sephora/beauty_store_api/spec/factories/categories.rb": [
        1,
        1,
        1,
        null,
        null
      ],
      "/home/vagrant/santhosh/github/sephora/beauty_store_api/spec/factories/products.rb": [
        1,
        1,
        1,
        1,
        1,
        1,
        1,
        1,
        1,
        1,
        1,
        null,
        null
      ],
      "/home/vagrant/santhosh/github/sephora/beauty_store_api/config/routes.rb": [
        1,
        null,
        null,
        1,
        1,
        1,
        null,
        null,
        null
      ],
      "/home/vagrant/santhosh/github/sephora/beauty_store_api/lib/json_web_token.rb": [
        1,
        1,
        null,
        1,
        1,
        1,
        null,
        1,
        1,
        1,
        1,
        null,
        null,
        1,
        1,
        1,
        1,
        null,
        0,
        null,
        null,
        null
      ],
      "/home/vagrant/santhosh/github/sephora/beauty_store_api/app/controllers/services/api/auth_controller.rb": [
        1,
        null,
        1,
        1,
        null,
        1,
        2,
        2,
        null,
        2,
        1,
        null,
        null,
        null,
        null,
        null,
        1,
        1,
        null,
        1,
        null,
        null,
        null,
        1,
        null,
        1,
        1,
        null,
        null,
        1,
        0,
        null,
        null,
        1,
        2,
        null,
        null,
        null,
        1,
        0,
        0,
        0,
        null,
        0,
        null,
        null,
        1,
        0,
        null,
        null,
        1,
        1,
        null,
        null,
        null,
        null,
        null,
        null,
        null,
        null,
        null,
        null,
        null,
        null
      ],
      "/home/vagrant/santhosh/github/sephora/beauty_store_api/app/controllers/application_controller.rb": [
        1,
        null
      ],
      "/home/vagrant/santhosh/github/sephora/beauty_store_api/spec/controllers/services/api/v1/products_controller_spec.rb": [
        1,
        null,
        1,
        1,
        null
      ],
      "/home/vagrant/santhosh/github/sephora/beauty_store_api/app/controllers/services/api/v1/products_controller.rb": [
        1,
        null
      ],
      "/home/vagrant/santhosh/github/sephora/beauty_store_api/spec/models/category_spec.rb": [
        1,
        null,
        1,
        2,
        2,
        null
      ],
      "/home/vagrant/santhosh/github/sephora/beauty_store_api/app/models/category.rb": [
        1,
        1,
        1,
        null
      ],
      "/home/vagrant/santhosh/github/sephora/beauty_store_api/app/models/application_record.rb": [
        1,
        1,
        null
      ],
      "/home/vagrant/santhosh/github/sephora/beauty_store_api/spec/models/product_spec.rb": [
        1,
        null,
        1,
        2,
        2,
        2,
        null
      ],
      "/home/vagrant/santhosh/github/sephora/beauty_store_api/app/models/product.rb": [
        1,
        1,
        1,
        1,
        null
      ]
    },
    "timestamp": 1514997481
  }
}
